[ 50%] [32mBuilding CXX object CMakeFiles/radar_station.dir/src/radar_station.cpp.o[0m
[01m[K/home/spaaaaace/Code/mid70/2025_radar_station/src/radar_station/src/radar_station.cpp:[m[K In member function â€˜[01m[Kvoid RadarStation::image_callback(sensor_msgs::msg::Image_<std::allocator<void> >::SharedPtr)[m[Kâ€™:
[01m[K/home/spaaaaace/Code/mid70/2025_radar_station/src/radar_station/src/radar_station.cpp:41:13:[m[K [01;31m[Kerror: [m[Kâ€˜[01m[Kimage_mat[m[Kâ€™ was not declared in this scope; did you mean â€˜[01m[Kimage_mat_[m[Kâ€™?
   41 |         if ([01;31m[Kimage_mat[m[K.empty() || image_mat.cols <= 0 || image_mat.rows <= 0) {
      |             [01;31m[K^~~~~~~~~[m[K
      |             [32m[Kimage_mat_[m[K
gmake[2]: *** [CMakeFiles/radar_station.dir/build.make:76ï¼šCMakeFiles/radar_station.dir/src/radar_station.cpp.o] é”™è¯¯ 1
gmake[1]: *** [CMakeFiles/Makefile2:137ï¼šCMakeFiles/radar_station.dir/all] é”™è¯¯ 2
gmake: *** [Makefile:146ï¼šall] é”™è¯¯ 2
