[ 50%] [32mBuilding CXX object CMakeFiles/radar_station.dir/src/radar_station.cpp.o[0m
[01m[K/home/spaaaaace/Code/mid70/2025_radar_station/src/radar_station/src/radar_station.cpp:[m[K In member function â€˜[01m[Kvoid RadarStation::point_cloud_callback(sensor_msgs::msg::PointCloud2_<std::allocator<void> >::SharedPtr)[m[Kâ€™:
[01m[K/home/spaaaaace/Code/mid70/2025_radar_station/src/radar_station/src/radar_station.cpp:61:32:[m[K [01;31m[Kerror: [m[Kâ€˜[01m[KgetTickCount[m[Kâ€™ is not a member of â€˜[01m[Kstd[m[Kâ€™; did you mean â€˜[01m[Kcv::getTickCount[m[Kâ€™?
   61 |         this_lidar_time = std::[01;31m[KgetTickCount[m[K();
      |                                [01;31m[K^~~~~~~~~~~~[m[K
In file included from [01m[K/usr/local/include/opencv4/opencv2/core.hpp:3417[m[K,
                 from [01m[K/usr/local/include/opencv4/opencv2/opencv.hpp:52[m[K,
                 from [01m[K/home/spaaaaace/Code/mid70/2025_radar_station/src/radar_station/src/radar_station.cpp:2[m[K:
[01m[K/usr/local/include/opencv4/opencv2/core/utility.hpp:268:20:[m[K [01;36m[Knote: [m[Kâ€˜[01m[Kcv::getTickCount[m[Kâ€™ declared here
  268 | CV_EXPORTS_W int64 [01;36m[KgetTickCount[m[K();
      |                    [01;36m[K^~~~~~~~~~~~[m[K
gmake[2]: *** [CMakeFiles/radar_station.dir/build.make:76ï¼šCMakeFiles/radar_station.dir/src/radar_station.cpp.o] é”™è¯¯ 1
gmake[1]: *** [CMakeFiles/Makefile2:137ï¼šCMakeFiles/radar_station.dir/all] é”™è¯¯ 2
gmake: *** [Makefile:146ï¼šall] é”™è¯¯ 2
