[0.019s] Invoking command in '/home/spaaaaace/Code/mid70/2025_radar_station/build/radar_station': CMAKE_PREFIX_PATH=${CMAKE_PREFIX_PATH}:/opt/ros/humble CONDA_PROMPT_MODIFIER=(vision) PS1=(vision) \[\e]0;\u@\h: \w\a\]${debian_chroot:+($debian_chroot)}\[\033[01;32m\]\u@\h\[\033[00m\]:\[\033[01;34m\]\w\[\033[00m\]\$ /usr/local/bin/cmake --build /home/spaaaaace/Code/mid70/2025_radar_station/build/radar_station -- -j22 -l22
[0.045s] [ 50%] [32mBuilding CXX object CMakeFiles/radar_station.dir/src/radar_station.cpp.o[0m
[3.440s] In file included from [01m[K/home/spaaaaace/Code/mid70/2025_radar_station/src/radar_station/src/radar_station.cpp:17[m[K:
[3.440s] [01m[K/home/spaaaaace/Code/mid70/2025_radar_station/src/radar_station/src/../include/radar_station/radar_station.hpp:43:39:[m[K [01;31m[Kerror: [m[Kexpected identifier before numeric constant
[3.441s]    43 |     std::vector<cv::Scalar> colormap_([01;31m[K256[m[K);
[3.441s]       |                                       [01;31m[K^~~[m[K
[3.441s] [01m[K/home/spaaaaace/Code/mid70/2025_radar_station/src/radar_station/src/../include/radar_station/radar_station.hpp:43:39:[m[K [01;31m[Kerror: [m[Kexpected â€˜[01m[K,[m[Kâ€™ or â€˜[01m[K...[m[Kâ€™ before numeric constant
[3.452s] [01m[K/home/spaaaaace/Code/mid70/2025_radar_station/src/radar_station/src/radar_station.cpp:[m[K In constructor â€˜[01m[KRadarStation::RadarStation()[m[Kâ€™:
[3.453s] [01m[K/home/spaaaaace/Code/mid70/2025_radar_station/src/radar_station/src/radar_station.cpp:37:25:[m[K [01;31m[Kerror: [m[Kexpected â€˜[01m[K;[m[Kâ€™ before â€˜[01m[Kdo[m[Kâ€™
[3.453s]    37 |     generate_color_map()
[3.453s]       |                         [01;31m[K^[m[K
[3.453s]       |                         [32m[K;[m[K
[3.473s] [01m[K/home/spaaaaace/Code/mid70/2025_radar_station/src/radar_station/src/radar_station.cpp:[m[K In member function â€˜[01m[Kvoid RadarStation::image_callback(sensor_msgs::msg::Image_<std::allocator<void> >::SharedPtr)[m[Kâ€™:
[3.473s] [01m[K/home/spaaaaace/Code/mid70/2025_radar_station/src/radar_station/src/radar_station.cpp:80:26:[m[K [01;35m[Kwarning: [m[Kcomparison of integer expressions of different signedness: â€˜[01m[Kint[m[Kâ€™ and â€˜[01m[Kstd::vector<cv::Point_<float> >::size_type[m[Kâ€™ {aka â€˜[01m[Klong unsigned int[m[Kâ€™} [[01;35m[K]8;;https://gcc.gnu.org/onlinedocs/gcc/Warning-Options.html#index-Wsign-compare-Wsign-compare]8;;[m[K]
[3.474s]    80 |         for(int i = 0; [01;35m[Ki < lidar_points_projection.size()[m[K; i++){
[3.474s]       |                        [01;35m[K~~^~~~~~~~~~~~~~~~~~~~~~~~~~~~~~~~[m[K
[3.474s] [01m[K/home/spaaaaace/Code/mid70/2025_radar_station/src/radar_station/src/radar_station.cpp:82:42:[m[K [01;31m[Kerror: [m[Kno matching function for call to â€˜[01m[Kmax(__gnu_cxx::__alloc_traits<std::allocator<float>, float>::value_type&, int)[m[Kâ€™
[3.474s]    82 |             int value = std::min([01;31m[Kstd::max(intensity_values[i], 0)[m[K, 255);
[3.474s]       |                                  [01;31m[K~~~~~~~~^~~~~~~~~~~~~~~~~~~~~~~~[m[K
[3.474s] In file included from [01m[K/usr/include/c++/11/algorithm:61[m[K,
[3.474s]                  from [01m[K/usr/local/include/opencv4/opencv2/core/base.hpp:55[m[K,
[3.474s]                  from [01m[K/usr/local/include/opencv4/opencv2/core.hpp:53[m[K,
[3.474s]                  from [01m[K/usr/local/include/opencv4/opencv2/opencv.hpp:52[m[K,
[3.474s]                  from [01m[K/home/spaaaaace/Code/mid70/2025_radar_station/src/radar_station/src/radar_station.cpp:2[m[K:
[3.474s] [01m[K/usr/include/c++/11/bits/stl_algobase.h:254:5:[m[K [01;36m[Knote: [m[Kcandidate: â€˜[01m[Ktemplate<class _Tp> constexpr const _Tp& std::max(const _Tp&, const _Tp&)[m[Kâ€™
[3.474s]   254 |     [01;36m[Kmax[m[K(const _Tp& __a, const _Tp& __b)
[3.474s]       |     [01;36m[K^~~[m[K
[3.474s] [01m[K/usr/include/c++/11/bits/stl_algobase.h:254:5:[m[K [01;36m[Knote: [m[K  template argument deduction/substitution failed:
[3.474s] [01m[K/home/spaaaaace/Code/mid70/2025_radar_station/src/radar_station/src/radar_station.cpp:82:42:[m[K [01;36m[Knote: [m[K  deduced conflicting types for parameter â€˜[01m[Kconst _Tp[m[Kâ€™ (â€˜[01m[Kfloat[m[Kâ€™ and â€˜[01m[Kint[m[Kâ€™)
[3.474s]    82 |             int value = std::min([01;36m[Kstd::max(intensity_values[i], 0)[m[K, 255);
[3.475s]       |                                  [01;36m[K~~~~~~~~^~~~~~~~~~~~~~~~~~~~~~~~[m[K
[3.475s] In file included from [01m[K/usr/include/c++/11/algorithm:61[m[K,
[3.475s]                  from [01m[K/usr/local/include/opencv4/opencv2/core/base.hpp:55[m[K,
[3.475s]                  from [01m[K/usr/local/include/opencv4/opencv2/core.hpp:53[m[K,
[3.475s]                  from [01m[K/usr/local/include/opencv4/opencv2/opencv.hpp:52[m[K,
[3.475s]                  from [01m[K/home/spaaaaace/Code/mid70/2025_radar_station/src/radar_station/src/radar_station.cpp:2[m[K:
[3.475s] [01m[K/usr/include/c++/11/bits/stl_algobase.h:300:5:[m[K [01;36m[Knote: [m[Kcandidate: â€˜[01m[Ktemplate<class _Tp, class _Compare> constexpr const _Tp& std::max(const _Tp&, const _Tp&, _Compare)[m[Kâ€™
[3.475s]   300 |     [01;36m[Kmax[m[K(const _Tp& __a, const _Tp& __b, _Compare __comp)
[3.475s]       |     [01;36m[K^~~[m[K
[3.475s] [01m[K/usr/include/c++/11/bits/stl_algobase.h:300:5:[m[K [01;36m[Knote: [m[K  template argument deduction/substitution failed:
[3.475s] [01m[K/home/spaaaaace/Code/mid70/2025_radar_station/src/radar_station/src/radar_station.cpp:82:42:[m[K [01;36m[Knote: [m[K  deduced conflicting types for parameter â€˜[01m[Kconst _Tp[m[Kâ€™ (â€˜[01m[Kfloat[m[Kâ€™ and â€˜[01m[Kint[m[Kâ€™)
[3.475s]    82 |             int value = std::min([01;36m[Kstd::max(intensity_values[i], 0)[m[K, 255);
[3.476s]       |                                  [01;36m[K~~~~~~~~^~~~~~~~~~~~~~~~~~~~~~~~[m[K
[3.476s] In file included from [01m[K/usr/include/c++/11/algorithm:62[m[K,
[3.476s]                  from [01m[K/usr/local/include/opencv4/opencv2/core/base.hpp:55[m[K,
[3.476s]                  from [01m[K/usr/local/include/opencv4/opencv2/core.hpp:53[m[K,
[3.476s]                  from [01m[K/usr/local/include/opencv4/opencv2/opencv.hpp:52[m[K,
[3.476s]                  from [01m[K/home/spaaaaace/Code/mid70/2025_radar_station/src/radar_station/src/radar_station.cpp:2[m[K:
[3.476s] [01m[K/usr/include/c++/11/bits/stl_algo.h:3461:5:[m[K [01;36m[Knote: [m[Kcandidate: â€˜[01m[Ktemplate<class _Tp> constexpr _Tp std::max(std::initializer_list<_Tp>)[m[Kâ€™
[3.476s]  3461 |     [01;36m[Kmax[m[K(initializer_list<_Tp> __l)
[3.476s]       |     [01;36m[K^~~[m[K
[3.476s] [01m[K/usr/include/c++/11/bits/stl_algo.h:3461:5:[m[K [01;36m[Knote: [m[K  template argument deduction/substitution failed:
[3.476s] [01m[K/home/spaaaaace/Code/mid70/2025_radar_station/src/radar_station/src/radar_station.cpp:82:42:[m[K [01;36m[Knote: [m[K  mismatched types â€˜[01m[Kstd::initializer_list<_Tp>[m[Kâ€™ and â€˜[01m[Kfloat[m[Kâ€™
[3.476s]    82 |             int value = std::min([01;36m[Kstd::max(intensity_values[i], 0)[m[K, 255);
[3.476s]       |                                  [01;36m[K~~~~~~~~^~~~~~~~~~~~~~~~~~~~~~~~[m[K
[3.476s] In file included from [01m[K/usr/include/c++/11/algorithm:62[m[K,
[3.476s]                  from [01m[K/usr/local/include/opencv4/opencv2/core/base.hpp:55[m[K,
[3.476s]                  from [01m[K/usr/local/include/opencv4/opencv2/core.hpp:53[m[K,
[3.477s]                  from [01m[K/usr/local/include/opencv4/opencv2/opencv.hpp:52[m[K,
[3.477s]                  from [01m[K/home/spaaaaace/Code/mid70/2025_radar_station/src/radar_station/src/radar_station.cpp:2[m[K:
[3.477s] [01m[K/usr/include/c++/11/bits/stl_algo.h:3467:5:[m[K [01;36m[Knote: [m[Kcandidate: â€˜[01m[Ktemplate<class _Tp, class _Compare> constexpr _Tp std::max(std::initializer_list<_Tp>, _Compare)[m[Kâ€™
[3.477s]  3467 |     [01;36m[Kmax[m[K(initializer_list<_Tp> __l, _Compare __comp)
[3.477s]       |     [01;36m[K^~~[m[K
[3.477s] [01m[K/usr/include/c++/11/bits/stl_algo.h:3467:5:[m[K [01;36m[Knote: [m[K  template argument deduction/substitution failed:
[3.477s] [01m[K/home/spaaaaace/Code/mid70/2025_radar_station/src/radar_station/src/radar_station.cpp:82:42:[m[K [01;36m[Knote: [m[K  mismatched types â€˜[01m[Kstd::initializer_list<_Tp>[m[Kâ€™ and â€˜[01m[Kfloat[m[Kâ€™
[3.477s]    82 |             int value = std::min([01;36m[Kstd::max(intensity_values[i], 0)[m[K, 255);
[3.477s]       |                                  [01;36m[K~~~~~~~~^~~~~~~~~~~~~~~~~~~~~~~~[m[K
[3.481s] [01m[K/home/spaaaaace/Code/mid70/2025_radar_station/src/radar_station/src/radar_station.cpp:83:62:[m[K [01;31m[Kerror: [m[Kâ€˜[01m[KmaxValue[m[Kâ€™ was not declared in this scope
[3.481s]    83 |             uchar index = static_cast<uchar>(255.0 * value / [01;31m[KmaxValue[m[K);
[3.481s]       |                                                              [01;31m[K^~~~~~~~[m[K
[3.481s] [01m[K/home/spaaaaace/Code/mid70/2025_radar_station/src/radar_station/src/radar_station.cpp:84:41:[m[K [01;31m[Kerror: [m[Kinvalid types â€˜[01m[K<unresolved overloaded function type>[uchar {aka unsigned char}][m[Kâ€™ for array subscript
[3.481s]    84 |             cv::Scalar color = colormap_[01;31m[K[[m[Kindex];
[3.481s]       |                                         [01;31m[K^[m[K
[3.486s] [01m[K/home/spaaaaace/Code/mid70/2025_radar_station/src/radar_station/src/radar_station.cpp:[m[K In member function â€˜[01m[Kvoid RadarStation::generate_color_map()[m[Kâ€™:
[3.486s] [01m[K/home/spaaaaace/Code/mid70/2025_radar_station/src/radar_station/src/radar_station.cpp:134:18:[m[K [01;31m[Kerror: [m[Kinvalid types â€˜[01m[K<unresolved overloaded function type>[int][m[Kâ€™ for array subscript
[3.486s]   134 |         colormap_[01;31m[K[[m[Ki] = cv::Scalar(bgr[0], bgr[1], bgr[2]);
[3.486s]       |                  [01;31m[K^[m[K
[6.328s] gmake[2]: *** [CMakeFiles/radar_station.dir/build.make:76ï¼šCMakeFiles/radar_station.dir/src/radar_station.cpp.o] é”™è¯¯ 1
[6.328s] gmake[1]: *** [CMakeFiles/Makefile2:137ï¼šCMakeFiles/radar_station.dir/all] é”™è¯¯ 2
[6.328s] gmake: *** [Makefile:146ï¼šall] é”™è¯¯ 2
[6.331s] Invoked command in '/home/spaaaaace/Code/mid70/2025_radar_station/build/radar_station' returned '2': CMAKE_PREFIX_PATH=${CMAKE_PREFIX_PATH}:/opt/ros/humble CONDA_PROMPT_MODIFIER=(vision) PS1=(vision) \[\e]0;\u@\h: \w\a\]${debian_chroot:+($debian_chroot)}\[\033[01;32m\]\u@\h\[\033[00m\]:\[\033[01;34m\]\w\[\033[00m\]\$ /usr/local/bin/cmake --build /home/spaaaaace/Code/mid70/2025_radar_station/build/radar_station -- -j22 -l22
