[ 50%] [32mBuilding CXX object CMakeFiles/radar_station.dir/src/radar_station.cpp.o[0m
In file included from [01m[K/home/spaaaaace/Code/mid70/2025_radar_station/src/radar_station/src/radar_station.cpp:17[m[K:
[01m[K/home/spaaaaace/Code/mid70/2025_radar_station/src/radar_station/src/../include/radar_station/radar_station.hpp:51:5:[m[K [01;31m[Kerror: [m[Kexpected â€˜[01m[K;[m[Kâ€™ before â€˜[01m[Kint[m[Kâ€™
   51 |     [01;31m[Kint[m[K lidar_frame_add_num_ = 4;
      |     [01;31m[K^~~[m[K
[01m[K/home/spaaaaace/Code/mid70/2025_radar_station/src/radar_station/src/radar_station.cpp:[m[K In member function â€˜[01m[Kvoid RadarStation::image_callback(sensor_msgs::msg::Image_<std::allocator<void> >::SharedPtr)[m[Kâ€™:
[01m[K/home/spaaaaace/Code/mid70/2025_radar_station/src/radar_station/src/radar_station.cpp:48:32:[m[K [01;31m[Kerror: [m[Kâ€˜[01m[Klidar_frame_add_num_[m[Kâ€™ was not declared in this scope
   48 |     if(lidar_frame_counter_ >= [01;31m[Klidar_frame_add_num_[m[K){
      |                                [01;31m[K^~~~~~~~~~~~~~~~~~~~[m[K
gmake[2]: *** [CMakeFiles/radar_station.dir/build.make:76ï¼šCMakeFiles/radar_station.dir/src/radar_station.cpp.o] é”™è¯¯ 1
gmake[1]: *** [CMakeFiles/Makefile2:137ï¼šCMakeFiles/radar_station.dir/all] é”™è¯¯ 2
gmake: *** [Makefile:146ï¼šall] é”™è¯¯ 2
